=== puma startup: 2018-07-21 21:29:15 -0600 ===
/Users/meesles/.rbenv/versions/2.5.0/lib/ruby/gems/2.5.0/gems/puma-3.12.0/lib/puma/launcher.rb:131:in `initialize': No such file or directory @ rb_sysopen - /Users/meesles/Coding/diyrss/shared/pids/puma.pid (Errno::ENOENT)
	from /Users/meesles/.rbenv/versions/2.5.0/lib/ruby/gems/2.5.0/gems/puma-3.12.0/lib/puma/launcher.rb:131:in `open'
	from /Users/meesles/.rbenv/versions/2.5.0/lib/ruby/gems/2.5.0/gems/puma-3.12.0/lib/puma/launcher.rb:131:in `write_pid'
	from /Users/meesles/.rbenv/versions/2.5.0/lib/ruby/gems/2.5.0/gems/puma-3.12.0/lib/puma/launcher.rb:104:in `write_state'
	from /Users/meesles/.rbenv/versions/2.5.0/lib/ruby/gems/2.5.0/gems/puma-3.12.0/lib/puma/cluster.rb:458:in `run'
	from /Users/meesles/.rbenv/versions/2.5.0/lib/ruby/gems/2.5.0/gems/puma-3.12.0/lib/puma/launcher.rb:184:in `run'
	from /Users/meesles/.rbenv/versions/2.5.0/lib/ruby/gems/2.5.0/gems/puma-3.12.0/lib/rack/handler/puma.rb:70:in `run'
	from /Users/meesles/.rbenv/versions/2.5.0/lib/ruby/gems/2.5.0/gems/rack-2.0.5/lib/rack/server.rb:297:in `start'
	from /Users/meesles/.rbenv/versions/2.5.0/lib/ruby/gems/2.5.0/gems/railties-5.2.0/lib/rails/commands/server/server_command.rb:53:in `start'
	from /Users/meesles/.rbenv/versions/2.5.0/lib/ruby/gems/2.5.0/gems/railties-5.2.0/lib/rails/commands/server/server_command.rb:147:in `block in perform'
	from /Users/meesles/.rbenv/versions/2.5.0/lib/ruby/gems/2.5.0/gems/railties-5.2.0/lib/rails/commands/server/server_command.rb:142:in `tap'
	from /Users/meesles/.rbenv/versions/2.5.0/lib/ruby/gems/2.5.0/gems/railties-5.2.0/lib/rails/commands/server/server_command.rb:142:in `perform'
	from /Users/meesles/.rbenv/versions/2.5.0/lib/ruby/gems/2.5.0/gems/thor-0.20.0/lib/thor/command.rb:27:in `run'
	from /Users/meesles/.rbenv/versions/2.5.0/lib/ruby/gems/2.5.0/gems/thor-0.20.0/lib/thor/invocation.rb:126:in `invoke_command'
	from /Users/meesles/.rbenv/versions/2.5.0/lib/ruby/gems/2.5.0/gems/thor-0.20.0/lib/thor.rb:387:in `dispatch'
	from /Users/meesles/.rbenv/versions/2.5.0/lib/ruby/gems/2.5.0/gems/railties-5.2.0/lib/rails/command/base.rb:65:in `perform'
	from /Users/meesles/.rbenv/versions/2.5.0/lib/ruby/gems/2.5.0/gems/railties-5.2.0/lib/rails/command.rb:46:in `invoke'
	from /Users/meesles/.rbenv/versions/2.5.0/lib/ruby/gems/2.5.0/gems/railties-5.2.0/lib/rails/commands.rb:18:in `<top (required)>'
	from bin/rails:4:in `require'
	from bin/rails:4:in `<main>'
=== puma startup: 2018-07-21 21:30:40 -0600 ===
=== puma startup: 2018-07-21 21:30:54 -0600 ===
